<?xml version="1.0" encoding="UTF-8"?>
<testsuite name="TestSuite" time="225.385" tests="6" errors="0" skipped="0" failures="1">
  <properties>
    <property name="java.runtime.name" value="Java(TM) SE Runtime Environment"/>
    <property name="sun.boot.library.path" value="R:\SOFTWARE\JAVA\jre\bin"/>
    <property name="java.vm.version" value="25.74-b02"/>
    <property name="java.vm.vendor" value="Oracle Corporation"/>
    <property name="maven.multiModuleProjectDirectory" value="R:\LEARNING\Eclipse\NotADefaultEclipseWorkspace"/>
    <property name="java.vendor.url" value="http://java.oracle.com/"/>
    <property name="path.separator" value=";"/>
    <property name="guice.disable.misplaced.annotation.check" value="true"/>
    <property name="java.vm.name" value="Java HotSpot(TM) 64-Bit Server VM"/>
    <property name="file.encoding.pkg" value="sun.io"/>
    <property name="user.script" value=""/>
    <property name="user.country" value="IN"/>
    <property name="sun.java.launcher" value="SUN_STANDARD"/>
    <property name="sun.os.patch.level" value=""/>
    <property name="java.vm.specification.name" value="Java Virtual Machine Specification"/>
    <property name="user.dir" value="R:\LEARNING\Eclipse\NotADefaultEclipseWorkspace"/>
    <property name="java.runtime.version" value="1.8.0_74-b02"/>
    <property name="java.awt.graphicsenv" value="sun.awt.Win32GraphicsEnvironment"/>
    <property name="java.endorsed.dirs" value="R:\SOFTWARE\JAVA\jre\lib\endorsed"/>
    <property name="os.arch" value="amd64"/>
    <property name="java.io.tmpdir" value="C:\Users\Pradeep\AppData\Local\Temp\"/>
    <property name="line.separator" value="&#10;"/>
    <property name="java.vm.specification.vendor" value="Oracle Corporation"/>
    <property name="user.variant" value=""/>
    <property name="os.name" value="Windows 10"/>
    <property name="classworlds.conf" value="R:\LEARNING\Eclipse\Workspace_Proj\.metadata\.plugins\org.eclipse.m2e.launching\launches\m2conf6443093595850576618.tmp"/>
    <property name="sun.jnu.encoding" value="Cp1252"/>
    <property name="java.library.path" value="R:\SOFTWARE\JAVA\bin;C:\WINDOWS\Sun\Java\bin;C:\WINDOWS\system32;C:\WINDOWS;R:/SOFTWARE/JAVA/bin/../jre/bin/server;R:/SOFTWARE/JAVA/bin/../jre/bin;R:/SOFTWARE/JAVA/bin/../jre/lib/amd64;R:\SOFTWARE\JAVA\bin;C:\Program Files\Broadcom\Broadcom 802.11 Network Adapter;C:\Program Files (x86)\Intel\iCLS Client\;C:\Program Files\Intel\iCLS Client\;C:\WINDOWS\system32;C:\WINDOWS;C:\WINDOWS\System32\Wbem;C:\WINDOWS\System32\WindowsPowerShell\v1.0\;C:\Program Files (x86)\Intel\Intel(R) Management Engine Components\DAL;C:\Program Files\Intel\Intel(R) Management Engine Components\DAL;C:\Program Files (x86)\Intel\Intel(R) Management Engine Components\IPT;C:\Program Files\Intel\Intel(R) Management Engine Components\IPT;C:\Program Files\Java\jre1.8.0_91\bin;C:\Users\Pradeep\AppData\Local\Android\sdk\tools\;C:\Users\Pradeep\AppData\Local\Android\sdk\platform-tools\;C:\Users\Pradeep\android-sdks\tools\;C:\Users\Pradeep\android-sdks\platform-tools\;C:\Program Files\nodejs\;C:\JMeter\bin;C:\Program Files\Java\jre1.8.0_111\bin;C:\Program Files (x86)\Bitvise SSH Client;R:\Pradeep\Selenium Stuff\Maven\apache-maven-3.5.0-bin\apache-maven-3.5.0\bin;C:\Program Files\PuTTY\;C:\Program Files (x86)\Brackets\command;C:\Program Files\Git\cmd;C:\Users\Pradeep\AppData\Local\.meteor\;C:\Program Files (x86)\CrSSL\bin;C:\Users\Pradeep\AppData\Local\Microsoft\WindowsApps;C:\Users\Pradeep\AppData\Roaming\npm;C:\Program Files\MongoDB\Server\3.4\bin;R:\Pradeep\Selenium Stuff\Ant\apache-ant-1.10.1-bin\apache-ant-1.10.1\bin;C:\Users\Pradeep\Desktop\Selenium\;C:\Users\Pradeep\AppData\Local\atom\bin;C:\Program Files\Microsoft VS Code\bin;C:\Users\Pradeep\AppData\Local\Microsoft\WindowsApps;;R:\SOFTWARE\ECLIPSE;;."/>
    <property name="java.specification.name" value="Java Platform API Specification"/>
    <property name="java.class.version" value="52.0"/>
    <property name="sun.management.compiler" value="HotSpot 64-Bit Tiered Compilers"/>
    <property name="os.version" value="10.0"/>
    <property name="user.home" value="C:\Users\Pradeep"/>
    <property name="user.timezone" value="Asia/Calcutta"/>
    <property name="java.awt.printerjob" value="sun.awt.windows.WPrinterJob"/>
    <property name="java.specification.version" value="1.8"/>
    <property name="file.encoding" value="Cp1252"/>
    <property name="user.name" value="Pradeep"/>
    <property name="java.class.path" value="/R:/SOFTWARE/ECLIPSE/plugins/org.eclipse.m2e.maven.runtime_1.7.0.20160603-1931/jars/plexus-classworlds-2.5.2.jar"/>
    <property name="java.vm.specification.version" value="1.8"/>
    <property name="sun.arch.data.model" value="64"/>
    <property name="java.home" value="R:\SOFTWARE\JAVA\jre"/>
    <property name="sun.java.command" value="org.codehaus.plexus.classworlds.launcher.Launcher -B test"/>
    <property name="java.specification.vendor" value="Oracle Corporation"/>
    <property name="user.language" value="en"/>
    <property name="awt.toolkit" value="sun.awt.windows.WToolkit"/>
    <property name="java.vm.info" value="mixed mode"/>
    <property name="java.version" value="1.8.0_74"/>
    <property name="java.ext.dirs" value="R:\SOFTWARE\JAVA\jre\lib\ext;C:\WINDOWS\Sun\Java\lib\ext"/>
    <property name="sun.boot.class.path" value="R:\SOFTWARE\JAVA\jre\lib\resources.jar;R:\SOFTWARE\JAVA\jre\lib\rt.jar;R:\SOFTWARE\JAVA\jre\lib\sunrsasign.jar;R:\SOFTWARE\JAVA\jre\lib\jsse.jar;R:\SOFTWARE\JAVA\jre\lib\jce.jar;R:\SOFTWARE\JAVA\jre\lib\charsets.jar;R:\SOFTWARE\JAVA\jre\lib\jfr.jar;R:\SOFTWARE\JAVA\jre\classes"/>
    <property name="java.vendor" value="Oracle Corporation"/>
    <property name="maven.home" value="R:\LEARNING\Eclipse\NotADefaultEclipseWorkspace\EMBEDDED"/>
    <property name="file.separator" value="\"/>
    <property name="java.vendor.url.bug" value="http://bugreport.sun.com/bugreport/"/>
    <property name="sun.cpu.endian" value="little"/>
    <property name="sun.io.unicode.encoding" value="UnicodeLittle"/>
    <property name="sun.desktop" value="windows"/>
    <property name="sun.cpu.isalist" value="amd64"/>
  </properties>
  <testcase name="loginWithEmptyPasswordField" classname="com.framework.Package.tests.SmokeTest" time="40.369"/>
  <testcase name="forgotPasswordFunc" classname="com.framework.Package.tests.SmokeTest" time="37.602"/>
  <testcase name="forgotPasswordWithInvalidEmail" classname="com.framework.Package.tests.SmokeTest" time="37.153"/>
  <testcase name="navigateToLoginPageFromForgotPasswordScreen" classname="com.framework.Package.tests.SmokeTest" time="6.508"/>
  <testcase name="loginWithEmptyUsername" classname="com.framework.Package.tests.SmokeTest" time="39.22"/>
  <testcase name="loginFunc" classname="com.framework.Package.tests.SmokeTest" time="64.533">
    <failure message="no such element: Unable to locate element: {&quot;method&quot;:&quot;xpath&quot;,&quot;selector&quot;:&quot;.//a[text()=&apos;Chapters&apos;]&quot;}&#10;  (Session info: chrome=63.0.3239.132)&#10;  (Driver info: chromedriver=2.34.522940 (1a76f96f66e3ca7b8e57d503b4dd3bccfba87af1),platform=Windows NT 10.0.16299 x86_64) (WARNING: The server did not provide any stacktrace information)&#10;Command duration or timeout: 0 milliseconds&#10;For documentation on this error, please visit: http://seleniumhq.org/exceptions/no_such_element.html&#10;Build info: version: &apos;3.6.0&apos;, revision: &apos;6fbf3ec767&apos;, time: &apos;2017-09-27T15:28:36.4Z&apos;&#10;System info: host: &apos;RAKSAN-HP32&apos;, ip: &apos;192.168.0.60&apos;, os.name: &apos;Windows 10&apos;, os.arch: &apos;amd64&apos;, os.version: &apos;10.0&apos;, java.version: &apos;1.8.0_74&apos;&#10;Driver info: org.openqa.selenium.chrome.ChromeDriver&#10;Capabilities [{mobileEmulationEnabled=false, hasTouchScreen=false, platform=XP, acceptSslCerts=true, webStorageEnabled=true, browserName=chrome, takesScreenshot=true, javascriptEnabled=true, platformName=XP, setWindowRect=true, unexpectedAlertBehaviour=, applicationCacheEnabled=false, rotatable=false, networkConnectionEnabled=false, chrome={chromedriverVersion=2.34.522940 (1a76f96f66e3ca7b8e57d503b4dd3bccfba87af1), userDataDir=C:\Users\Pradeep\AppData\Local\Temp\scoped_dir12868_19572}, takesHeapSnapshot=true, pageLoadStrategy=normal, unhandledPromptBehavior=, databaseEnabled=false, handlesAlerts=true, version=63.0.3239.132, browserConnectionEnabled=false, nativeEvents=true, locationContextEnabled=true, cssSelectorsEnabled=true}]&#10;Session ID: 87aa72455433cbaf093ecd4b678787d8&#10;*** Element info: {Using=xpath, value=.//a[text()=&apos;Chapters&apos;]}" type="java.lang.Error">java.lang.Error: no such element: Unable to locate element: {"method":"xpath","selector":".//a[text()='Chapters']"}
  (Session info: chrome=63.0.3239.132)
  (Driver info: chromedriver=2.34.522940 (1a76f96f66e3ca7b8e57d503b4dd3bccfba87af1),platform=Windows NT 10.0.16299 x86_64) (WARNING: The server did not provide any stacktrace information)
Command duration or timeout: 0 milliseconds
For documentation on this error, please visit: http://seleniumhq.org/exceptions/no_such_element.html
Build info: version: '3.6.0', revision: '6fbf3ec767', time: '2017-09-27T15:28:36.4Z'
System info: host: 'RAKSAN-HP32', ip: '192.168.0.60', os.name: 'Windows 10', os.arch: 'amd64', os.version: '10.0', java.version: '1.8.0_74'
Driver info: org.openqa.selenium.chrome.ChromeDriver
Capabilities [{mobileEmulationEnabled=false, hasTouchScreen=false, platform=XP, acceptSslCerts=true, webStorageEnabled=true, browserName=chrome, takesScreenshot=true, javascriptEnabled=true, platformName=XP, setWindowRect=true, unexpectedAlertBehaviour=, applicationCacheEnabled=false, rotatable=false, networkConnectionEnabled=false, chrome={chromedriverVersion=2.34.522940 (1a76f96f66e3ca7b8e57d503b4dd3bccfba87af1), userDataDir=C:\Users\Pradeep\AppData\Local\Temp\scoped_dir12868_19572}, takesHeapSnapshot=true, pageLoadStrategy=normal, unhandledPromptBehavior=, databaseEnabled=false, handlesAlerts=true, version=63.0.3239.132, browserConnectionEnabled=false, nativeEvents=true, locationContextEnabled=true, cssSelectorsEnabled=true}]
Session ID: 87aa72455433cbaf093ecd4b678787d8
*** Element info: {Using=xpath, value=.//a[text()='Chapters']}
	at com.framework.Package.driver.CommonMethods.compareWithExpectedElement(CommonMethods.java:182)
	at com.framework.Package.pageObjects.LandingScreen.verifyLandingScreen(LandingScreen.java:12)
	at com.framework.Package.tests.SmokeTest.loginFunc(SmokeTest.java:47)
</failure>
    <system-out><![CDATA[Test loginWithEmptyUsername from package= com & class=framework.Package.tests.SmokeTest Passed Successfully
Test loginFunc from package= com & class=framework.Package.tests.SmokeTest Started
Login page verified successfully
02 Feb 19:33:06,907 INFO - Clearing the textbox field.....By.name: userName 
02 Feb 19:33:07,766 INFO - Entering value....platformadmin@moolya.global into the textbox field....By.name: userName 
02 Feb 19:33:08,396 INFO - Clearing the textbox field.....By.name: Password 
02 Feb 19:33:09,127 INFO - Entering value....MoolyaAdmin@123 into the textbox field....By.name: Password 
02 Feb 19:33:09,767 INFO - Clicking on element with text.....Sign in 
02 Feb 19:34:10,494 INFO - no such element: Unable to locate element: {"method":"xpath","selector":".//a[text()='Chapters']"}
  (Session info: chrome=63.0.3239.132)
  (Driver info: chromedriver=2.34.522940 (1a76f96f66e3ca7b8e57d503b4dd3bccfba87af1),platform=Windows NT 10.0.16299 x86_64) (WARNING: The server did not provide any stacktrace information)
Command duration or timeout: 0 milliseconds
For documentation on this error, please visit: http://seleniumhq.org/exceptions/no_such_element.html
Build info: version: '3.6.0', revision: '6fbf3ec767', time: '2017-09-27T15:28:36.4Z'
System info: host: 'RAKSAN-HP32', ip: '192.168.0.60', os.name: 'Windows 10', os.arch: 'amd64', os.version: '10.0', java.version: '1.8.0_74'
Driver info: org.openqa.selenium.chrome.ChromeDriver
Capabilities [{mobileEmulationEnabled=false, hasTouchScreen=false, platform=XP, acceptSslCerts=true, webStorageEnabled=true, browserName=chrome, takesScreenshot=true, javascriptEnabled=true, platformName=XP, setWindowRect=true, unexpectedAlertBehaviour=, applicationCacheEnabled=false, rotatable=false, networkConnectionEnabled=false, chrome={chromedriverVersion=2.34.522940 (1a76f96f66e3ca7b8e57d503b4dd3bccfba87af1), userDataDir=C:\Users\Pradeep\AppData\Local\Temp\scoped_dir12868_19572}, takesHeapSnapshot=true, pageLoadStrategy=normal, unhandledPromptBehavior=, databaseEnabled=false, handlesAlerts=true, version=63.0.3239.132, browserConnectionEnabled=false, nativeEvents=true, locationContextEnabled=true, cssSelectorsEnabled=true}]
Session ID: 87aa72455433cbaf093ecd4b678787d8
*** Element info: {Using=xpath, value=.//a[text()='Chapters']} 
02 Feb 19:34:10,495 ERROR - Expected value not present in the webpageno such element: Unable to locate element: {"method":"xpath","selector":".//a[text()='Chapters']"}
  (Session info: chrome=63.0.3239.132)
  (Driver info: chromedriver=2.34.522940 (1a76f96f66e3ca7b8e57d503b4dd3bccfba87af1),platform=Windows NT 10.0.16299 x86_64) (WARNING: The server did not provide any stacktrace information)
Command duration or timeout: 0 milliseconds
For documentation on this error, please visit: http://seleniumhq.org/exceptions/no_such_element.html
Build info: version: '3.6.0', revision: '6fbf3ec767', time: '2017-09-27T15:28:36.4Z'
System info: host: 'RAKSAN-HP32', ip: '192.168.0.60', os.name: 'Windows 10', os.arch: 'amd64', os.version: '10.0', java.version: '1.8.0_74'
Driver info: org.openqa.selenium.chrome.ChromeDriver
Capabilities [{mobileEmulationEnabled=false, hasTouchScreen=false, platform=XP, acceptSslCerts=true, webStorageEnabled=true, browserName=chrome, takesScreenshot=true, javascriptEnabled=true, platformName=XP, setWindowRect=true, unexpectedAlertBehaviour=, applicationCacheEnabled=false, rotatable=false, networkConnectionEnabled=false, chrome={chromedriverVersion=2.34.522940 (1a76f96f66e3ca7b8e57d503b4dd3bccfba87af1), userDataDir=C:\Users\Pradeep\AppData\Local\Temp\scoped_dir12868_19572}, takesHeapSnapshot=true, pageLoadStrategy=normal, unhandledPromptBehavior=, databaseEnabled=false, handlesAlerts=true, version=63.0.3239.132, browserConnectionEnabled=false, nativeEvents=true, locationContextEnabled=true, cssSelectorsEnabled=true}]
Session ID: 87aa72455433cbaf093ecd4b678787d8
*** Element info: {Using=xpath, value=.//a[text()='Chapters']} 
02 Feb 19:34:10,495 ERROR - no such element: Unable to locate element: {"method":"xpath","selector":".//a[text()='Chapters']"}
  (Session info: chrome=63.0.3239.132)
  (Driver info: chromedriver=2.34.522940 (1a76f96f66e3ca7b8e57d503b4dd3bccfba87af1),platform=Windows NT 10.0.16299 x86_64) (WARNING: The server did not provide any stacktrace information)
Command duration or timeout: 0 milliseconds
For documentation on this error, please visit: http://seleniumhq.org/exceptions/no_such_element.html
Build info: version: '3.6.0', revision: '6fbf3ec767', time: '2017-09-27T15:28:36.4Z'
System info: host: 'RAKSAN-HP32', ip: '192.168.0.60', os.name: 'Windows 10', os.arch: 'amd64', os.version: '10.0', java.version: '1.8.0_74'
Driver info: org.openqa.selenium.chrome.ChromeDriver
Capabilities [{mobileEmulationEnabled=false, hasTouchScreen=false, platform=XP, acceptSslCerts=true, webStorageEnabled=true, browserName=chrome, takesScreenshot=true, javascriptEnabled=true, platformName=XP, setWindowRect=true, unexpectedAlertBehaviour=, applicationCacheEnabled=false, rotatable=false, networkConnectionEnabled=false, chrome={chromedriverVersion=2.34.522940 (1a76f96f66e3ca7b8e57d503b4dd3bccfba87af1), userDataDir=C:\Users\Pradeep\AppData\Local\Temp\scoped_dir12868_19572}, takesHeapSnapshot=true, pageLoadStrategy=normal, unhandledPromptBehavior=, databaseEnabled=false, handlesAlerts=true, version=63.0.3239.132, browserConnectionEnabled=false, nativeEvents=true, locationContextEnabled=true, cssSelectorsEnabled=true}]
Session ID: 87aa72455433cbaf093ecd4b678787d8
*** Element info: {Using=xpath, value=.//a[text()='Chapters']} 
]]></system-out>
  </testcase>
</testsuite>