<?xml version="1.0" encoding="UTF-8"?>
<!-- Generated by org.testng.reporters.JUnitReportReporter -->
<testsuite skipped="0" hostname="RakSan-HP32" name="com.framework.Package.tests.SmokeTest" tests="5" failures="0" timestamp="18 Mar 2018 07:36:50 GMT" time="15.807" errors="0">
  <testcase name="testCaseWithMultipleRecords" time="3.209" classname="com.framework.Package.tests.SmokeTest"/>
  <testcase name="testCaseWithMultipleRecords" time="3.244" classname="com.framework.Package.tests.SmokeTest"/>
  <testcase name="testCaseWithMultipleRecords" time="3.262" classname="com.framework.Package.tests.SmokeTest"/>
  <testcase name="testCaseWithMultipleRecords" time="2.859" classname="com.framework.Package.tests.SmokeTest"/>
  <testcase name="testCaseWithMultipleRecords" time="3.233" classname="com.framework.Package.tests.SmokeTest"/>
</testsuite> <!-- com.framework.Package.tests.SmokeTest -->
