<?xml version="1.0" encoding="UTF-8"?>
<!-- Generated by org.testng.reporters.JUnitReportReporter -->
<testsuite skipped="0" hostname="RakSan-HP32" name="com.framework.Package.tests.SmokeTest" tests="5" failures="0" timestamp="14 Mar 2018 14:31:20 GMT" time="15.923" errors="0">
  <testcase name="testCaseWithMultipleRecords" time="3.246" classname="com.framework.Package.tests.SmokeTest"/>
  <testcase name="testCaseWithMultipleRecords" time="2.807" classname="com.framework.Package.tests.SmokeTest"/>
  <testcase name="testCaseWithMultipleRecords" time="3.275" classname="com.framework.Package.tests.SmokeTest"/>
  <testcase name="testCaseWithMultipleRecords" time="3.284" classname="com.framework.Package.tests.SmokeTest"/>
  <testcase name="testCaseWithMultipleRecords" time="3.311" classname="com.framework.Package.tests.SmokeTest"/>
</testsuite> <!-- com.framework.Package.tests.SmokeTest -->
