<?xml version="1.0" encoding="UTF-8"?>
<!-- Generated by org.testng.reporters.JUnitReportReporter -->
<testsuite skipped="0" hostname="RakSan-HP32" name="com.framework.Package.tests.SmokeTest" tests="11" failures="0" timestamp="08 Mar 2018 06:31:12 GMT" time="176.744" errors="0">
  <testcase name="testCaseWithMultipleRecords" time="3.380" classname="com.framework.Package.tests.SmokeTest"/>
  <testcase name="testCaseWithMultipleRecords" time="3.579" classname="com.framework.Package.tests.SmokeTest"/>
  <testcase name="testCaseWithMultipleRecords" time="3.461" classname="com.framework.Package.tests.SmokeTest"/>
  <testcase name="testCaseWithMultipleRecords" time="3.339" classname="com.framework.Package.tests.SmokeTest"/>
  <testcase name="testCaseWithMultipleRecords" time="3.530" classname="com.framework.Package.tests.SmokeTest"/>
  <testcase name="loginWithEmptyPasswordField" time="39.274" classname="com.framework.Package.tests.SmokeTest"/>
  <testcase name="forgotPasswordFunc" time="37.450" classname="com.framework.Package.tests.SmokeTest"/>
  <testcase name="forgotPasswordWithInvalidEmail" time="36.628" classname="com.framework.Package.tests.SmokeTest"/>
  <testcase name="navigateToLoginPageFromForgotPasswordScreen" time="1.388" classname="com.framework.Package.tests.SmokeTest"/>
  <testcase name="loginWithEmptyUsername" time="39.155" classname="com.framework.Package.tests.SmokeTest"/>
  <testcase name="loginFunc" time="5.560" classname="com.framework.Package.tests.SmokeTest"/>
</testsuite> <!-- com.framework.Package.tests.SmokeTest -->
