<?xml version="1.0" encoding="UTF-8"?>
<!-- Generated by org.testng.reporters.JUnitReportReporter -->
<testsuite skipped="0" hostname="RakSan-HP32" name="com.framework.Package.tests.SmokeTest" tests="6" failures="0" timestamp="24 Jan 2018 08:29:36 GMT" time="160.909" errors="0">
  <testcase name="loginWithEmptyPasswordField" time="39.772" classname="com.framework.Package.tests.SmokeTest"/>
  <testcase name="forgotPasswordFunc" time="37.565" classname="com.framework.Package.tests.SmokeTest"/>
  <testcase name="forgotPasswordWithInvalidEmail" time="36.630" classname="com.framework.Package.tests.SmokeTest"/>
  <testcase name="navigateToLoginPageFromForgotPasswordScreen" time="1.366" classname="com.framework.Package.tests.SmokeTest"/>
  <testcase name="loginWithEmptyUsername" time="39.173" classname="com.framework.Package.tests.SmokeTest"/>
  <testcase name="loginFunc" time="6.403" classname="com.framework.Package.tests.SmokeTest"/>
</testsuite> <!-- com.framework.Package.tests.SmokeTest -->
