<?xml version="1.0" encoding="UTF-8"?>
<!-- Generated by org.testng.reporters.JUnitReportReporter -->
<testsuite skipped="0" hostname="RakSan-HP32" name="com.framework.Package.tests.SmokeTest" tests="5" failures="0" timestamp="14 Feb 2018 13:51:06 GMT" time="17.146" errors="0">
  <testcase name="testCaseWithMultipleRecords" time="3.306" classname="com.framework.Package.tests.SmokeTest"/>
  <testcase name="testCaseWithMultipleRecords" time="3.316" classname="com.framework.Package.tests.SmokeTest"/>
  <testcase name="testCaseWithMultipleRecords" time="3.962" classname="com.framework.Package.tests.SmokeTest"/>
  <testcase name="testCaseWithMultipleRecords" time="3.311" classname="com.framework.Package.tests.SmokeTest"/>
  <testcase name="testCaseWithMultipleRecords" time="3.251" classname="com.framework.Package.tests.SmokeTest"/>
</testsuite> <!-- com.framework.Package.tests.SmokeTest -->
