<?xml version="1.0" encoding="UTF-8"?>
<!-- Generated by org.testng.reporters.JUnitReportReporter -->
<testsuite skipped="0" hostname="RakSan-HP32" name="com.framework.Package.tests.SmokeTest" tests="3" failures="0" timestamp="23 Jan 2018 12:00:47 GMT" time="76.116" errors="0">
  <testcase name="forgotPasswordFunc" time="38.028" classname="com.framework.Package.tests.SmokeTest"/>
  <testcase name="forgotPasswordWithInvalidEmail" time="36.663" classname="com.framework.Package.tests.SmokeTest"/>
  <testcase name="navigateToLoginPageFromForgotPasswordScreen" time="1.425" classname="com.framework.Package.tests.SmokeTest"/>
</testsuite> <!-- com.framework.Package.tests.SmokeTest -->
