<?xml version="1.0" encoding="UTF-8"?>
<!-- Generated by org.testng.reporters.JUnitReportReporter -->
<testsuite skipped="0" hostname="RakSan-HP32" name="com.framework.Package.tests.SmokeTest" tests="11" failures="0" timestamp="13 Mar 2018 12:01:36 GMT" time="175.901" errors="0">
  <testcase name="testCaseWithMultipleRecords" time="3.271" classname="com.framework.Package.tests.SmokeTest"/>
  <testcase name="testCaseWithMultipleRecords" time="3.346" classname="com.framework.Package.tests.SmokeTest"/>
  <testcase name="testCaseWithMultipleRecords" time="3.349" classname="com.framework.Package.tests.SmokeTest"/>
  <testcase name="testCaseWithMultipleRecords" time="3.315" classname="com.framework.Package.tests.SmokeTest"/>
  <testcase name="testCaseWithMultipleRecords" time="3.293" classname="com.framework.Package.tests.SmokeTest"/>
  <testcase name="loginWithEmptyPasswordField" time="39.156" classname="com.framework.Package.tests.SmokeTest"/>
  <testcase name="forgotPasswordFunc" time="37.954" classname="com.framework.Package.tests.SmokeTest"/>
  <testcase name="forgotPasswordWithInvalidEmail" time="36.653" classname="com.framework.Package.tests.SmokeTest"/>
  <testcase name="navigateToLoginPageFromForgotPasswordScreen" time="1.381" classname="com.framework.Package.tests.SmokeTest"/>
  <testcase name="loginWithEmptyUsername" time="39.126" classname="com.framework.Package.tests.SmokeTest"/>
  <testcase name="loginFunc" time="5.057" classname="com.framework.Package.tests.SmokeTest"/>
</testsuite> <!-- com.framework.Package.tests.SmokeTest -->
